This is pdfTeX, Version 3.141592653-2.6-1.40.25 (MiKTeX 24.1) (preloaded format=pdflatex 2025.6.28)  29 JUN 2025 23:29
entering extended mode
 restricted \write18 enabled.
 %&-line parsing enabled.
**./Thesis_LaTeX.tex
(Thesis_LaTeX.tex
LaTeX2e <2023-11-01> patch level 1
L3 programming layer <2024-01-04>
(C:\Users\jerem\AppData\Local\Programs\MiKTeX\tex/latex/base\report.cls
Document Class: report 2023/05/17 v1.4n Standard LaTeX document class
(C:\Users\jerem\AppData\Local\Programs\MiKTeX\tex/latex/base\size12.clo
File: size12.clo 2023/05/17 v1.4n Standard LaTeX file (size option)
)
\c@part=\count187
\c@chapter=\count188
\c@section=\count189
\c@subsection=\count190
\c@subsubsection=\count191
\c@paragraph=\count192
\c@subparagraph=\count193
\c@figure=\count194
\c@table=\count195
\abovecaptionskip=\skip48
\belowcaptionskip=\skip49
\bibindent=\dimen140
)
(C:\Users\jerem\AppData\Local\Programs\MiKTeX\tex/generic/babel\babel.sty
Package: babel 2024/01/07 v24.1 The Babel package
\babel@savecnt=\count196
\U@D=\dimen141
\l@unhyphenated=\language79

(C:\Users\jerem\AppData\Local\Programs\MiKTeX\tex/generic/babel\txtbabel.def)
\bbl@readstream=\read2
\bbl@dirlevel=\count197

*************************************
* Local config file bblopts.cfg used
*
(C:\Users\jerem\AppData\Local\Programs\MiKTeX\tex/latex/arabi\bblopts.cfg
File: bblopts.cfg 2005/09/08 v0.1 add Arabic and Farsi to "declared" options of
 babel
)
(C:\Users\jerem\AppData\Local\Programs\MiKTeX\tex/latex/babel-english\english.l
df
Language: english 2017/06/06 v3.3r English support from the babel system
Package babel Info: Hyphen rules for 'canadian' set to \l@english
(babel)             (\language0). Reported on input line 102.
Package babel Info: Hyphen rules for 'australian' set to \l@ukenglish
(babel)             (\language73). Reported on input line 105.
Package babel Info: Hyphen rules for 'newzealand' set to \l@ukenglish
(babel)             (\language73). Reported on input line 108.
))
(C:\Users\jerem\AppData\Local\Programs\MiKTeX\tex/generic/babel/locale/en\babel
-english.tex
Package babel Info: Importing font and identification data for english
(babel)             from babel-en.ini. Reported on input line 11.
)
(C:\Users\jerem\AppData\Local\Programs\MiKTeX\tex/latex/base\inputenc.sty
Package: inputenc 2021/02/14 v1.3d Input encoding file
\inpenc@prehook=\toks17
\inpenc@posthook=\toks18
)
(C:\Users\jerem\AppData\Local\Programs\MiKTeX\tex/latex/base\fontenc.sty
Package: fontenc 2021/04/29 v2.0v Standard LaTeX package
)
(C:\Users\jerem\AppData\Local\Programs\MiKTeX\tex/latex/amsmath\amsmath.sty
Package: amsmath 2023/05/13 v2.17o AMS math features
\@mathmargin=\skip50

For additional information on amsmath, use the `?' option.
(C:\Users\jerem\AppData\Local\Programs\MiKTeX\tex/latex/amsmath\amstext.sty
Package: amstext 2021/08/26 v2.01 AMS text

(C:\Users\jerem\AppData\Local\Programs\MiKTeX\tex/latex/amsmath\amsgen.sty
File: amsgen.sty 1999/11/30 v2.0 generic functions
\@emptytoks=\toks19
\ex@=\dimen142
))
(C:\Users\jerem\AppData\Local\Programs\MiKTeX\tex/latex/amsmath\amsbsy.sty
Package: amsbsy 1999/11/29 v1.2d Bold Symbols
\pmbraise@=\dimen143
)
(C:\Users\jerem\AppData\Local\Programs\MiKTeX\tex/latex/amsmath\amsopn.sty
Package: amsopn 2022/04/08 v2.04 operator names
)
\inf@bad=\count198
LaTeX Info: Redefining \frac on input line 234.
\uproot@=\count199
\leftroot@=\count266
LaTeX Info: Redefining \overline on input line 399.
LaTeX Info: Redefining \colon on input line 410.
\classnum@=\count267
\DOTSCASE@=\count268
LaTeX Info: Redefining \ldots on input line 496.
LaTeX Info: Redefining \dots on input line 499.
LaTeX Info: Redefining \cdots on input line 620.
\Mathstrutbox@=\box51
\strutbox@=\box52
LaTeX Info: Redefining \big on input line 722.
LaTeX Info: Redefining \Big on input line 723.
LaTeX Info: Redefining \bigg on input line 724.
LaTeX Info: Redefining \Bigg on input line 725.
\big@size=\dimen144
LaTeX Font Info:    Redeclaring font encoding OML on input line 743.
LaTeX Font Info:    Redeclaring font encoding OMS on input line 744.
\macc@depth=\count269
LaTeX Info: Redefining \bmod on input line 905.
LaTeX Info: Redefining \pmod on input line 910.
LaTeX Info: Redefining \smash on input line 940.
LaTeX Info: Redefining \relbar on input line 970.
LaTeX Info: Redefining \Relbar on input line 971.
\c@MaxMatrixCols=\count270
\dotsspace@=\muskip16
\c@parentequation=\count271
\dspbrk@lvl=\count272
\tag@help=\toks20
\row@=\count273
\column@=\count274
\maxfields@=\count275
\andhelp@=\toks21
\eqnshift@=\dimen145
\alignsep@=\dimen146
\tagshift@=\dimen147
\tagwidth@=\dimen148
\totwidth@=\dimen149
\lineht@=\dimen150
\@envbody=\toks22
\multlinegap=\skip51
\multlinetaggap=\skip52
\mathdisplay@stack=\toks23
LaTeX Info: Redefining \[ on input line 2953.
LaTeX Info: Redefining \] on input line 2954.
)
(C:\Users\jerem\AppData\Local\Programs\MiKTeX\tex/latex/graphics\graphicx.sty
Package: graphicx 2021/09/16 v1.2d Enhanced LaTeX Graphics (DPC,SPQR)

(C:\Users\jerem\AppData\Local\Programs\MiKTeX\tex/latex/graphics\keyval.sty
Package: keyval 2022/05/29 v1.15 key=value parser (DPC)
\KV@toks@=\toks24
)
(C:\Users\jerem\AppData\Local\Programs\MiKTeX\tex/latex/graphics\graphics.sty
Package: graphics 2022/03/10 v1.4e Standard LaTeX Graphics (DPC,SPQR)

(C:\Users\jerem\AppData\Local\Programs\MiKTeX\tex/latex/graphics\trig.sty
Package: trig 2021/08/11 v1.11 sin cos tan (DPC)
)
(C:\Users\jerem\AppData\Local\Programs\MiKTeX\tex/latex/graphics-cfg\graphics.c
fg
File: graphics.cfg 2016/06/04 v1.11 sample graphics configuration
)
Package graphics Info: Driver file: pdftex.def on input line 107.

(C:\Users\jerem\AppData\Local\Programs\MiKTeX\tex/latex/graphics-def\pdftex.def
File: pdftex.def 2022/09/22 v1.2b Graphics/color driver for pdftex
))
\Gin@req@height=\dimen151
\Gin@req@width=\dimen152
)
(C:\Users\jerem\AppData\Local\Programs\MiKTeX\tex/latex/titlesec\titlesec.sty
Package: titlesec 2025/01/04 v2.17 Sectioning titles
\ttl@box=\box53
\beforetitleunit=\skip53
\aftertitleunit=\skip54
\ttl@plus=\dimen153
\ttl@minus=\dimen154
\ttl@toksa=\toks25
\titlewidth=\dimen155
\titlewidthlast=\dimen156
\titlewidthfirst=\dimen157
)
(C:\Users\jerem\AppData\Local\Programs\MiKTeX\tex/latex/wrapfig\wrapfig.sty
\wrapoverhang=\dimen158
\WF@size=\dimen159
\c@WF@wrappedlines=\count276
\WF@box=\box54
\WF@everypar=\toks26
Package: wrapfig 2003/01/31  v 3.6
)
(C:\Users\jerem\AppData\Local\Programs\MiKTeX\tex/latex/float\float.sty
Package: float 2001/11/08 v1.3d Float enhancements (AL)
\c@float@type=\count277
\float@exts=\toks27
\float@box=\box55
\@float@everytoks=\toks28
\@floatcapt=\box56
)
(C:\Users\jerem\AppData\Local\Programs\MiKTeX\tex/latex/tools\calc.sty
Package: calc 2023/07/08 v4.3 Infix arithmetic (KKT,FJ)
\calc@Acount=\count278
\calc@Bcount=\count279
\calc@Adimen=\dimen160
\calc@Bdimen=\dimen161
\calc@Askip=\skip55
\calc@Bskip=\skip56
LaTeX Info: Redefining \setlength on input line 80.
LaTeX Info: Redefining \addtolength on input line 81.
\calc@Ccount=\count280
\calc@Cskip=\skip57
)
(C:\Users\jerem\AppData\Local\Programs\MiKTeX\tex/latex/enumitem\enumitem.sty
Package: enumitem 2025/02/06 v3.11 Customized lists
\labelindent=\skip58
\enit@outerparindent=\dimen162
\enit@toks=\toks29
\enit@inbox=\box57
\enit@count@id=\count281
\enitdp@description=\count282
)
(C:\Users\jerem\AppData\Local\Programs\MiKTeX\tex/latex/etoolbox\etoolbox.sty
Package: etoolbox 2020/10/05 v2.5k e-TeX tools for LaTeX (JAW)
\etb@tempcnta=\count283
)
(C:\Users\jerem\AppData\Local\Programs\MiKTeX\tex/latex/tools\tabularx.sty
Package: tabularx 2023/07/08 v2.11c `tabularx' package (DPC)

(C:\Users\jerem\AppData\Local\Programs\MiKTeX\tex/latex/tools\array.sty
Package: array 2023/10/16 v2.5g Tabular extension package (FMi)
\col@sep=\dimen163
\ar@mcellbox=\box58
\extrarowheight=\dimen164
\NC@list=\toks30
\extratabsurround=\skip59
\backup@length=\skip60
\ar@cellbox=\box59
)
\TX@col@width=\dimen165
\TX@old@table=\dimen166
\TX@old@col=\dimen167
\TX@target=\dimen168
\TX@delta=\dimen169
\TX@cols=\count284
\TX@ftn=\toks31
)
(C:\Users\jerem\AppData\Local\Programs\MiKTeX\tex/latex/placeins\placeins.sty
Package: placeins 2005/04/18  v 2.2
)
(C:\Users\jerem\AppData\Local\Programs\MiKTeX\tex/latex/booktabs\booktabs.sty
Package: booktabs 2020/01/12 v1.61803398 Publication quality tables
\heavyrulewidth=\dimen170
\lightrulewidth=\dimen171
\cmidrulewidth=\dimen172
\belowrulesep=\dimen173
\belowbottomsep=\dimen174
\aboverulesep=\dimen175
\abovetopsep=\dimen176
\cmidrulesep=\dimen177
\cmidrulekern=\dimen178
\defaultaddspace=\dimen179
\@cmidla=\count285
\@cmidlb=\count286
\@aboverulesep=\dimen180
\@belowrulesep=\dimen181
\@thisruleclass=\count287
\@lastruleclass=\count288
\@thisrulewidth=\dimen182
)
(C:\Users\jerem\AppData\Local\Programs\MiKTeX\tex/latex/l3backend\l3backend-pdf
tex.def
File: l3backend-pdftex.def 2024-01-04 L3 backend support: PDF output (pdfTeX)
\l__color_backend_stack_int=\count289
\l__pdf_internal_box=\box60
) (Thesis_LaTeX.aux

LaTeX Warning: Label `fig:fullwidth' multiply defined.


LaTeX Warning: Label `fig:fullwidth' multiply defined.


LaTeX Warning: Label `fig:fullwidth' multiply defined.


LaTeX Warning: Label `fig:fullwidth' multiply defined.


LaTeX Warning: Label `fig:fullwidth' multiply defined.


LaTeX Warning: Label `fig:fullwidth' multiply defined.


LaTeX Warning: Label `fig:fullwidth' multiply defined.


LaTeX Warning: Label `fig:fullwidth' multiply defined.


LaTeX Warning: Label `fig:fullwidth' multiply defined.


LaTeX Warning: Label `fig:fullwidth' multiply defined.


LaTeX Warning: Label `fig:fullwidth' multiply defined.


LaTeX Warning: Label `fig:fullwidth' multiply defined.


LaTeX Warning: Label `fig:fullwidth' multiply defined.


LaTeX Warning: Label `fig:fullwidth' multiply defined.


LaTeX Warning: Label `fig:fullwidth' multiply defined.


LaTeX Warning: Label `fig:fullwidth' multiply defined.


LaTeX Warning: Label `fig:fullwidth' multiply defined.


LaTeX Warning: Label `fig:fullwidth' multiply defined.


LaTeX Warning: Label `fig:fullwidth' multiply defined.


LaTeX Warning: Label `fig:fullwidth' multiply defined.


LaTeX Warning: Label `fig:fullwidth' multiply defined.


LaTeX Warning: Label `fig:fullwidth' multiply defined.


LaTeX Warning: Label `fig:fullwidth' multiply defined.

)
\openout1 = `Thesis_LaTeX.aux'.

LaTeX Font Info:    Checking defaults for OML/cmm/m/it on input line 50.
LaTeX Font Info:    ... okay on input line 50.
LaTeX Font Info:    Checking defaults for OMS/cmsy/m/n on input line 50.
LaTeX Font Info:    ... okay on input line 50.
LaTeX Font Info:    Checking defaults for OT1/cmr/m/n on input line 50.
LaTeX Font Info:    ... okay on input line 50.
LaTeX Font Info:    Checking defaults for T1/cmr/m/n on input line 50.
LaTeX Font Info:    ... okay on input line 50.
LaTeX Font Info:    Checking defaults for TS1/cmr/m/n on input line 50.
LaTeX Font Info:    ... okay on input line 50.
LaTeX Font Info:    Checking defaults for OMX/cmex/m/n on input line 50.
LaTeX Font Info:    ... okay on input line 50.
LaTeX Font Info:    Checking defaults for U/cmr/m/n on input line 50.
LaTeX Font Info:    ... okay on input line 50.

(C:\Users\jerem\AppData\Local\Programs\MiKTeX\tex/context/base/mkii\supp-pdf.mk
ii
[Loading MPS to PDF converter (version 2006.09.02).]
\scratchcounter=\count290
\scratchdimen=\dimen183
\scratchbox=\box61
\nofMPsegments=\count291
\nofMParguments=\count292
\everyMPshowfont=\toks32
\MPscratchCnt=\count293
\MPscratchDim=\dimen184
\MPnumerator=\count294
\makeMPintoPDFobject=\count295
\everyMPtoPDFconversion=\toks33
)
(C:\Users\jerem\AppData\Local\Programs\MiKTeX\tex/latex/epstopdf-pkg\epstopdf-b
ase.sty
Package: epstopdf-base 2020-01-24 v2.11 Base part for package epstopdf
Package epstopdf-base Info: Redefining graphics rule for `.eps' on input line 4
85.

(C:\Users\jerem\AppData\Local\Programs\MiKTeX\tex/latex/00miktex\epstopdf-sys.c
fg
File: epstopdf-sys.cfg 2021/03/18 v2.0 Configuration of epstopdf for MiKTeX
)) [1

{C:/Users/jerem/AppData/Local/MiKTeX/fonts/map/pdftex/pdftex.map}]
Underfull \hbox (badness 10000) in paragraph at lines 58--62

 []


Underfull \hbox (badness 10000) in paragraph at lines 58--62

 []

[1

] (Thesis_LaTeX.toc [2

]
Overfull \hbox (13.42802pt too wide) in paragraph at lines 32--32
 [][] []\T1/cmr/m/n/12 Moving Av-er-age Con-ver-gence Di-ver-gence (MACD) []  
 []

)
\tf@toc=\write3
\openout3 = `Thesis_LaTeX.toc'.

 [3]
Chapter 1.

Underfull \hbox (badness 10000) in paragraph at lines 77--80

 []

[4

] [5]
Chapter 2.

Underfull \hbox (badness 10000) in paragraph at lines 84--90

 []


Underfull \hbox (badness 10000) in paragraph at lines 84--90

 []

[6

] [7]
Chapter 3.
[8

]
Chapter 4.

Underfull \hbox (badness 10000) in paragraph at lines 95--98

 []

[9

] [10] [11

]
Underfull \hbox (badness 10000) in paragraph at lines 101--104

 []


Underfull \hbox (badness 10000) in paragraph at lines 101--104

 []


Underfull \hbox (badness 10000) in paragraph at lines 101--104

 []

[12

] [13]
Underfull \hbox (badness 10000) in paragraph at lines 105--106

 []


Underfull \hbox (badness 10000) in paragraph at lines 105--106

 []


Underfull \hbox (badness 10000) in paragraph at lines 105--106

 []


Underfull \hbox (badness 10000) in paragraph at lines 105--106

 []

[14

] [15]
Chapter 5.
[16

]
Underfull \hbox (badness 10000) in paragraph at lines 117--120

 []

[17

]
Underfull \hbox (badness 10000) in paragraph at lines 121--122

 []

<images/Colored_neural_network.svg.png, id=64, 436.63126pt x 525.965pt>
File: images/Colored_neural_network.svg.png Graphic file (type png)
<use images/Colored_neural_network.svg.png>
Package pdftex.def Info: images/Colored_neural_network.svg.png  used on input l
ine 125.
(pdftex.def)             Requested size: 148.2019pt x 178.52075pt.

Underfull \hbox (badness 1077) in paragraph at lines 131--132
\T1/cmr/m/n/12 their func-tion-al-ity, use cases and struc-
 []


Underfull \hbox (badness 10000) in paragraph at lines 131--132

 []


Underfull \hbox (badness 10000) in paragraph at lines 133--134

 []


Underfull \hbox (badness 10000) in paragraph at lines 135--136

 []

[18

 <./images/Colored_neural_network.svg.png>]
<images/ReLU.png, id=72, 1029.8475pt x 468.75125pt>
File: images/ReLU.png Graphic file (type png)
<use images/ReLU.png>
Package pdftex.def Info: images/ReLU.png  used on input line 141.
(pdftex.def)             Requested size: 390.0pt x 177.51219pt.
 [19 <./images/ReLU.png>]
Underfull \hbox (badness 10000) in paragraph at lines 158--163

 []

[20]
Underfull \hbox (badness 10000) in paragraph at lines 192--194

 []

[21]
<images/Neural_Network.png, id=88, 853.1875pt x 561.09625pt>
File: images/Neural_Network.png Graphic file (type png)
<use images/Neural_Network.png>
Package pdftex.def Info: images/Neural_Network.png  used on input line 205.
(pdftex.def)             Requested size: 390.0pt x 256.48926pt.

Underfull \hbox (badness 10000) in paragraph at lines 217--228

 []


Overfull \hbox (18.48692pt too wide) in paragraph at lines 217--228
[] 
 []


Underfull \hbox (badness 10000) in paragraph at lines 217--228

 []


Underfull \hbox (badness 10000) in paragraph at lines 231--232

 []


Underfull \hbox (badness 10000) in paragraph at lines 231--232

 []

[22 <./images/Neural_Network.png>]
Underfull \hbox (badness 10000) in paragraph at lines 234--235

 []


Underfull \hbox (badness 10000) in paragraph at lines 236--247

 []


Underfull \hbox (badness 10000) in paragraph at lines 250--256

 []


Underfull \hbox (badness 10000) in paragraph at lines 257--262

 []


Underfull \hbox (badness 10000) in paragraph at lines 263--266

 []

[23]
Underfull \hbox (badness 10000) in paragraph at lines 269--273

 []


Underfull \hbox (badness 10000) in paragraph at lines 278--288

 []


Underfull \hbox (badness 10000) in paragraph at lines 293--294

 []


Underfull \hbox (badness 10000) in paragraph at lines 293--294

 []


Underfull \hbox (badness 10000) in paragraph at lines 293--294

 []

[24]
<images/RNN.png, id=101, 1456.69218pt x 863.47594pt>
File: images/RNN.png Graphic file (type png)
<use images/RNN.png>
Package pdftex.def Info: images/RNN.png  used on input line 335.
(pdftex.def)             Requested size: 390.0pt x 231.17845pt.
 [25

] [26 <./images/RNN.png>]
<images/LSTM.png, id=109, 788.9475pt x 480.79625pt>
File: images/LSTM.png Graphic file (type png)
<use images/LSTM.png>
Package pdftex.def Info: images/LSTM.png  used on input line 355.
(pdftex.def)             Requested size: 390.0pt x 237.6684pt.

Underfull \hbox (badness 10000) in paragraph at lines 376--377

 []


Underfull \hbox (badness 10000) in paragraph at lines 382--383

 []

[27]
Underfull \hbox (badness 10000) in paragraph at lines 402--403

 []


Underfull \hbox (badness 10000) in paragraph at lines 415--416

 []


Underfull \hbox (badness 10000) in paragraph at lines 415--416

 []

[28 <./images/LSTM.png>] [29]
Underfull \hbox (badness 10000) in paragraph at lines 425--426

 []


Underfull \hbox (badness 10000) in paragraph at lines 444--445

 []


Overfull \hbox (0.61382pt too wide) in paragraph at lines 446--447
\T1/cmr/m/n/12 to ex-tract in-for-ma-tion about the oc-cur-rence of cer-tain pa
t-terns. 3x3xchannels
 []


Underfull \hbox (badness 10000) in paragraph at lines 446--447

 []

[30

]
<images/CNN_filters.png, id=125, 982.67125pt x 470.75874pt>
File: images/CNN_filters.png Graphic file (type png)
<use images/CNN_filters.png>
Package pdftex.def Info: images/CNN_filters.png  used on input line 450.
(pdftex.def)             Requested size: 390.0pt x 186.8348pt.

Underfull \hbox (badness 10000) in paragraph at lines 455--456

 []

[31 <./images/CNN_filters.png>]
Underfull \hbox (badness 10000) in paragraph at lines 457--458

 []

<images/CNN_filters_0.png, id=130, 589.60275pt x 282.45525pt>
File: images/CNN_filters_0.png Graphic file (type png)
<use images/CNN_filters_0.png>
Package pdftex.def Info: images/CNN_filters_0.png  used on input line 462.
(pdftex.def)             Requested size: 390.0pt x 186.83478pt.
<images/CNN_filters_1.png, id=131, 589.60275pt x 282.45525pt>
File: images/CNN_filters_1.png Graphic file (type png)
<use images/CNN_filters_1.png>
Package pdftex.def Info: images/CNN_filters_1.png  used on input line 469.
(pdftex.def)             Requested size: 390.0pt x 186.83478pt.
<images/CNN_filters_2.png, id=132, 589.60275pt x 282.45525pt>
File: images/CNN_filters_2.png Graphic file (type png)
<use images/CNN_filters_2.png>
Package pdftex.def Info: images/CNN_filters_2.png  used on input line 476.
(pdftex.def)             Requested size: 390.0pt x 186.83478pt.
<images/CNN_filters_3.png, id=133, 589.60275pt x 282.45525pt>
File: images/CNN_filters_3.png Graphic file (type png)
<use images/CNN_filters_3.png>
Package pdftex.def Info: images/CNN_filters_3.png  used on input line 483.
(pdftex.def)             Requested size: 390.0pt x 186.83478pt.
[32 <./images/CNN_filters_0.png>] [33 <./images/CNN_filters_1.png> <./images/CN
N_filters_2.png>]
<images/CNN_filters_3_5.png, id=143, 589.60275pt x 282.45525pt>
File: images/CNN_filters_3_5.png Graphic file (type png)
<use images/CNN_filters_3_5.png>
Package pdftex.def Info: images/CNN_filters_3_5.png  used on input line 492.
(pdftex.def)             Requested size: 390.0pt x 186.83478pt.
<images/CNN_filters_4.png, id=144, 589.60275pt x 282.45525pt>
File: images/CNN_filters_4.png Graphic file (type png)
<use images/CNN_filters_4.png>
Package pdftex.def Info: images/CNN_filters_4.png  used on input line 501.
(pdftex.def)             Requested size: 390.0pt x 186.83478pt.
<images/CNN_filters_5.png, id=145, 589.60275pt x 282.45525pt>
File: images/CNN_filters_5.png Graphic file (type png)
<use images/CNN_filters_5.png>
Package pdftex.def Info: images/CNN_filters_5.png  used on input line 508.
(pdftex.def)             Requested size: 390.0pt x 186.83478pt.
 [34 <./images/CNN_filters_3.png> <./images/CNN_filters_3_5.png>] [35 <./images
/CNN_filters_4.png> <./images/CNN_filters_5.png>]
<images/CNN_filters_6.png, id=156, 589.60275pt x 282.45525pt>
File: images/CNN_filters_6.png Graphic file (type png)
<use images/CNN_filters_6.png>
Package pdftex.def Info: images/CNN_filters_6.png  used on input line 516.
(pdftex.def)             Requested size: 390.0pt x 186.83478pt.
<images/CNN_filters_7.png, id=157, 589.60275pt x 282.45525pt>
File: images/CNN_filters_7.png Graphic file (type png)
<use images/CNN_filters_7.png>
Package pdftex.def Info: images/CNN_filters_7.png  used on input line 523.
(pdftex.def)             Requested size: 390.0pt x 186.83478pt.
 [36 <./images/CNN_filters_6.png> <./images/CNN_filters_7.png>]
<images/CNN_Max_Pooling_0.png, id=164, 589.60275pt x 282.45525pt>
File: images/CNN_Max_Pooling_0.png Graphic file (type png)
<use images/CNN_Max_Pooling_0.png>
Package pdftex.def Info: images/CNN_Max_Pooling_0.png  used on input line 536.
(pdftex.def)             Requested size: 390.0pt x 186.83478pt.
<images/CNN_Max_Pooling_1.png, id=165, 589.60275pt x 282.45525pt>
File: images/CNN_Max_Pooling_1.png Graphic file (type png)
<use images/CNN_Max_Pooling_1.png>
Package pdftex.def Info: images/CNN_Max_Pooling_1.png  used on input line 543.
(pdftex.def)             Requested size: 390.0pt x 186.83478pt.
<images/CNN_Max_Pooling_2.png, id=166, 589.60275pt x 282.45525pt>
File: images/CNN_Max_Pooling_2.png Graphic file (type png)
<use images/CNN_Max_Pooling_2.png>
Package pdftex.def Info: images/CNN_Max_Pooling_2.png  used on input line 550.
(pdftex.def)             Requested size: 390.0pt x 186.83478pt.
 [37 <./images/CNN_Max_Pooling_0.png>] [38 <./images/CNN_Max_Pooling_1.png> <./
images/CNN_Max_Pooling_2.png>]
<images/CNN_Max_Pooling_3.png, id=176, 589.60275pt x 282.45525pt>
File: images/CNN_Max_Pooling_3.png Graphic file (type png)
<use images/CNN_Max_Pooling_3.png>
Package pdftex.def Info: images/CNN_Max_Pooling_3.png  used on input line 557.
(pdftex.def)             Requested size: 390.0pt x 186.83478pt.
<images/CNN_Max_Pooling_4.png, id=177, 589.60275pt x 282.45525pt>
File: images/CNN_Max_Pooling_4.png Graphic file (type png)
<use images/CNN_Max_Pooling_4.png>
Package pdftex.def Info: images/CNN_Max_Pooling_4.png  used on input line 564.
(pdftex.def)             Requested size: 390.0pt x 186.83478pt.
 [39 <./images/CNN_Max_Pooling_3.png> <./images/CNN_Max_Pooling_4.png>]
<images/full_CNN.png, id=183, 1405.25pt x 631.35875pt>
File: images/full_CNN.png Graphic file (type png)
<use images/full_CNN.png>
Package pdftex.def Info: images/full_CNN.png  used on input line 578.
(pdftex.def)             Requested size: 390.0pt x 175.21857pt.

Underfull \hbox (badness 10000) in paragraph at lines 583--585

 []

[40 <./images/full_CNN.png>] [41]
<images/Decision-Trees.png, id=191, 308.65312pt x 192.72pt>
File: images/Decision-Trees.png Graphic file (type png)
<use images/Decision-Trees.png>
Package pdftex.def Info: images/Decision-Trees.png  used on input line 597.
(pdftex.def)             Requested size: 390.0pt x 243.53128pt.

Underfull \hbox (badness 10000) in paragraph at lines 602--603

 []


Underfull \hbox (badness 10000) in paragraph at lines 602--603

 []

[42

 <./images/Decision-Trees.png>]
Underfull \hbox (badness 10000) in paragraph at lines 604--606

 []


Underfull \hbox (badness 10000) in paragraph at lines 604--606

 []

[43] [44] [45

]
Underfull \hbox (badness 10000) in paragraph at lines 624--627

 []


Underfull \hbox (badness 10000) in paragraph at lines 633--639

 []


Underfull \hbox (badness 10000) in paragraph at lines 633--639

 []


Underfull \hbox (badness 10000) in paragraph at lines 633--639

 []


Underfull \hbox (badness 10000) in paragraph at lines 651--652

 []

[46

]
Underfull \hbox (badness 10000) in paragraph at lines 675--676

 []


Overfull \hbox (0.86906pt too wide) in paragraph at lines 684--684
 []|\T1/cmr/m/n/12 Month 
 []


Overfull \hbox (0.86906pt too wide) in paragraph at lines 684--684
 []|\T1/cmr/m/n/12 Month 
 []


Overfull \hbox (0.86906pt too wide) in paragraph at lines 684--684
 []|\T1/cmr/m/n/12 Month 
 []


Overfull \hbox (0.86906pt too wide) in paragraph at lines 684--684
 []|\T1/cmr/m/n/12 Month 
 []


Overfull \hbox (0.86906pt too wide) in paragraph at lines 684--684
 []|\T1/cmr/m/n/12 Month 
 []


Overfull \hbox (0.86906pt too wide) in paragraph at lines 684--684
 []|\T1/cmr/m/n/12 Month 
 []


Overfull \hbox (0.86906pt too wide) in paragraph at lines 684--684
 []|\T1/cmr/m/n/12 Month 
 []


Overfull \hbox (12.62033pt too wide) in paragraph at lines 684--684
 []|\T1/cmr/m/n/12 +50.00%| 
 []


Overfull \hbox (9.35725pt too wide) in paragraph at lines 684--684
 []|\T1/cmr/m/n/12 ^^U33.33%| 
 []


Overfull \hbox (12.62033pt too wide) in paragraph at lines 684--684
 []|\T1/cmr/m/n/12 +50.00%| 
 []


Overfull \hbox (9.35725pt too wide) in paragraph at lines 684--684
 []|\T1/cmr/m/n/12 ^^U33.33%| 
 []


Overfull \hbox (12.62033pt too wide) in paragraph at lines 684--684
 []|\T1/cmr/m/n/12 +50.00%| 
 []


Overfull \hbox (9.35725pt too wide) in paragraph at lines 684--684
 []|\T1/cmr/m/n/12 ^^U33.33%| 
 []


Underfull \hbox (badness 10000) in paragraph at lines 684--685

 []


Underfull \hbox (badness 10000) in paragraph at lines 687--688

 []


Underfull \hbox (badness 10000) in paragraph at lines 692--701

 []


Overfull \hbox (0.86906pt too wide) in paragraph at lines 712--712
 []|\T1/cmr/m/n/12 Month 
 []


Overfull \hbox (0.86906pt too wide) in paragraph at lines 712--712
 []|\T1/cmr/m/n/12 Month 
 []


Overfull \hbox (0.86906pt too wide) in paragraph at lines 712--712
 []|\T1/cmr/m/n/12 Month 
 []


Overfull \hbox (0.86906pt too wide) in paragraph at lines 712--712
 []|\T1/cmr/m/n/12 Month 
 []


Overfull \hbox (0.86906pt too wide) in paragraph at lines 712--712
 []|\T1/cmr/m/n/12 Month 
 []


Overfull \hbox (0.86906pt too wide) in paragraph at lines 712--712
 []|\T1/cmr/m/n/12 Month 
 []


Overfull \hbox (0.86906pt too wide) in paragraph at lines 712--712
 []|\T1/cmr/m/n/12 Month 
 []


Overfull \hbox (12.62033pt too wide) in paragraph at lines 712--712
 []|\T1/cmr/m/n/12 +50.00%| 
 []


Overfull \hbox (3.48369pt too wide) in paragraph at lines 712--712
 \T1/cmr/m/n/12 33.33%| 
 []


Overfull \hbox (12.62033pt too wide) in paragraph at lines 712--712
 []|\T1/cmr/m/n/12 +50.00%| 
 []


Overfull \hbox (3.48369pt too wide) in paragraph at lines 712--712
 \T1/cmr/m/n/12 33.33%| 
 []


Overfull \hbox (12.62033pt too wide) in paragraph at lines 712--712
 []|\T1/cmr/m/n/12 +50.00%| 
 []


Overfull \hbox (3.48369pt too wide) in paragraph at lines 712--712
 \T1/cmr/m/n/12 33.33%| 
 []


Underfull \hbox (badness 10000) in paragraph at lines 703--713

 []


Underfull \hbox (badness 10000) in paragraph at lines 702--714

 []

[47]
Underfull \hbox (badness 10000) in paragraph at lines 716--717

 []


Underfull \hbox (badness 10000) in paragraph at lines 718--719

 []


Underfull \hbox (badness 10000) in paragraph at lines 722--729

 []


Underfull \hbox (badness 10000) in paragraph at lines 722--729

 []


Underfull \hbox (badness 10000) in paragraph at lines 730--733

 []


Underfull \hbox (badness 10000) in paragraph at lines 730--733

 []


Underfull \hbox (badness 10000) in paragraph at lines 730--733

 []

[48] [49]
Underfull \hbox (badness 10000) in paragraph at lines 738--740

 []


Underfull \hbox (badness 10000) in paragraph at lines 738--740

 []


Underfull \hbox (badness 10000) in paragraph at lines 741--742

 []

[50

]
<images/vol_of_vol.png, id=223, 1582.713pt x 1438.173pt>
File: images/vol_of_vol.png Graphic file (type png)
<use images/vol_of_vol.png>
Package pdftex.def Info: images/vol_of_vol.png  used on input line 745.
(pdftex.def)             Requested size: 390.0pt x 354.38536pt.

Underfull \hbox (badness 10000) in paragraph at lines 750--752

 []

[51 <./images/vol_of_vol.png>]
<images/bins.png, id=228, 732.8178pt x 438.6789pt>
File: images/bins.png Graphic file (type png)
<use images/bins.png>
Package pdftex.def Info: images/bins.png  used on input line 755.
(pdftex.def)             Requested size: 390.0pt x 233.46259pt.
 [52 <./images/bins.png>]
<images/volatility_bins.png, id=233, 732.8178pt x 438.6789pt>
File: images/volatility_bins.png Graphic file (type png)
<use images/volatility_bins.png>
Package pdftex.def Info: images/volatility_bins.png  used on input line 787.
(pdftex.def)             Requested size: 390.0pt x 233.46259pt.
 [53 <./images/volatility_bins.png>]

LaTeX Warning: Citation `ref36' on page 54 undefined on input line 804.


Underfull \hbox (badness 10000) in paragraph at lines 827--828

 []


Underfull \hbox (badness 10000) in paragraph at lines 827--828

 []

[54

] [55]
Underfull \hbox (badness 10000) in paragraph at lines 835--836

 []


Underfull \hbox (badness 10000) in paragraph at lines 848--849

 []


Underfull \hbox (badness 10000) in paragraph at lines 854--855

 []


Underfull \hbox (badness 10000) in paragraph at lines 863--865

 []


Underfull \hbox (badness 10000) in paragraph at lines 874--875

 []

[56

]
Underfull \hbox (badness 10000) in paragraph at lines 888--889

 []


Overfull \hbox (2.28888pt too wide) in paragraph at lines 901--902
\T1/cmr/m/n/12 The stochas-tic Os-cil-la-tor is an-other mo-men-tum in-di-ca-to
r that mea-sures where
 []


Underfull \hbox (badness 10000) in paragraph at lines 913--914

 []

[57]
Underfull \hbox (badness 10000) in paragraph at lines 929--930

 []


Underfull \hbox (badness 10000) in paragraph at lines 943--944

 []

[58] [59] [60

] [61] [62] [63

] (Thesis_LaTeX.aux)
 ***********
LaTeX2e <2023-11-01> patch level 1
L3 programming layer <2024-01-04>
 ***********


LaTeX Warning: There were undefined references.


LaTeX Warning: There were multiply-defined labels.

 ) 
Here is how much of TeX's memory you used:
 4953 strings out of 474486
 80767 string characters out of 5743755
 1941542 words of memory out of 5000000
 27183 multiletter control sequences out of 15000+600000
 571656 words of font info for 65 fonts, out of 8000000 for 9000
 1141 hyphenation exceptions out of 8191
 57i,13n,65p,3932b,348s stack positions out of 10000i,1000n,20000p,200000b,200000s
 <C:\Users\jerem\AppData\Local\MiKTeX\fonts/pk/ljfour/jknappen/ec/dpi600\ecrm
0800.pk> <C:\Users\jerem\AppData\Local\MiKTeX\fonts/pk/ljfour/jknappen/ec/dpi60
0\tcrm1200.pk> <C:\Users\jerem\AppData\Local\MiKTeX\fonts/pk/ljfour/jknappen/ec
/dpi600\ecbx1440.pk> <C:\Users\jerem\AppData\Local\MiKTeX\fonts/pk/ljfour/jknap
pen/ec/dpi600\ecbx1200.pk> <C:\Users\jerem\AppData\Local\MiKTeX\fonts/pk/ljfour
/jknappen/ec/dpi600\ecbx2488.pk> <C:\Users\jerem\AppData\Local\MiKTeX\fonts/pk/
ljfour/jknappen/ec/dpi600\ecrm1200.pk> <C:\Users\jerem\AppData\Local\MiKTeX\fon
ts/pk/ljfour/jknappen/ec/dpi600\ecbx1728.pk> <C:\Users\jerem\AppData\Local\MiKT
eX\fonts/pk/ljfour/jknappen/ec/dpi600\ecrm1440.pk> <C:\Users\jerem\AppData\Loca
l\MiKTeX\fonts/pk/ljfour/jknappen/ec/dpi600\ecrm2074.pk><C:/Users/jerem/AppData
/Local/Programs/MiKTeX/fonts/type1/public/amsfonts/cm/cmex10.pfb><C:/Users/jere
m/AppData/Local/Programs/MiKTeX/fonts/type1/public/amsfonts/cm/cmmi12.pfb><C:/U
sers/jerem/AppData/Local/Programs/MiKTeX/fonts/type1/public/amsfonts/cm/cmmi8.p
fb><C:/Users/jerem/AppData/Local/Programs/MiKTeX/fonts/type1/public/amsfonts/cm
/cmr12.pfb><C:/Users/jerem/AppData/Local/Programs/MiKTeX/fonts/type1/public/ams
fonts/cm/cmr8.pfb><C:/Users/jerem/AppData/Local/Programs/MiKTeX/fonts/type1/pub
lic/amsfonts/cm/cmsy10.pfb><C:/Users/jerem/AppData/Local/Programs/MiKTeX/fonts/
type1/public/amsfonts/cm/cmsy8.pfb>
Output written on Thesis_LaTeX.pdf (64 pages, 2659767 bytes).
PDF statistics:
 642 PDF objects out of 1000 (max. 8388607)
 0 named destinations out of 1000 (max. 500000)
 126 words of extra memory for PDF output out of 10000 (max. 10000000)

